<?xml version="1.0" encoding="UTF-8"?>
<testng-results skipped="0" failed="0" ignored="18" total="20" passed="2">
  <reporter-output>
  </reporter-output>
  <suite name="MobileGuard Automation" duration-ms="0" started-at="2019-09-20T18:13:16 IST" finished-at="2019-09-20T18:13:16 IST">
    <groups>
    </groups>
  </suite> <!-- MobileGuard Automation -->
  <suite name="Employees" duration-ms="21154" started-at="2019-09-20T18:12:54 IST" finished-at="2019-09-20T18:13:15 IST">
    <groups>
    </groups>
    <test name="Employees Tests" duration-ms="21154" started-at="2019-09-20T18:12:54 IST" finished-at="2019-09-20T18:13:15 IST">
      <class name="com.smarsh.ccm.testEmployees.MGBasicTests">
        <test-method status="PASS" signature="beforeSuite(java.lang.String, java.lang.String, java.lang.String, java.lang.String, java.lang.String, java.lang.String, java.lang.String, java.lang.String, java.lang.String)[pri:0, instance:com.smarsh.ccm.testEmployees.MGBasicTests@6fd02e5]" name="beforeSuite" is-config="true" duration-ms="66" started-at="2019-09-20T18:12:54 IST" finished-at="2019-09-20T18:12:54 IST">
          <params>
            <param index="0">
              <value>
                <![CDATA[firefox]]>
              </value>
            </param>
            <param index="1">
              <value>
                <![CDATA[https://qa.mobileguard.com/]]>
              </value>
            </param>
            <param index="2">
              <value>
                <![CDATA[Sagar.Ranjan@smarsh.com]]>
              </value>
            </param>
            <param index="3">
              <value>
                <![CDATA[facetime]]>
              </value>
            </param>
            <param index="4">
              <value>
                <![CDATA[© 2012–2019 Smarsh Inc., MobileGuard, All Rights Reserved. v3.7]]>
              </value>
            </param>
            <param index="5">
              <value>
                <![CDATA[v3.7]]>
              </value>
            </param>
            <param index="6">
              <value>
                <![CDATA[jdbc:sqlserver://qa.mobileguard.com;database=qa_mobileguard_com]]>
              </value>
            </param>
            <param index="7">
              <value>
                <![CDATA[sagar.ranjan]]>
              </value>
            </param>
            <param index="8">
              <value>
                <![CDATA[bxuY8Adcwe@$2k]]>
              </value>
            </param>
          </params>
          <reporter-output>
          </reporter-output>
        </test-method> <!-- beforeSuite -->
        <test-method status="PASS" signature="C2128595_isLoginPageDispCorrectly()[pri:0, instance:com.smarsh.ccm.testEmployees.MGBasicTests@6fd02e5]" name="C2128595_isLoginPageDispCorrectly" duration-ms="8097" started-at="2019-09-20T18:12:54 IST" finished-at="2019-09-20T18:13:02 IST">
          <reporter-output>
          </reporter-output>
        </test-method> <!-- C2128595_isLoginPageDispCorrectly -->
        <test-method status="PASS" signature="tearDown(org.testng.ITestResult)[pri:0, instance:com.smarsh.ccm.testEmployees.MGBasicTests@6fd02e5]" name="tearDown" is-config="true" duration-ms="4" started-at="2019-09-20T18:13:02 IST" finished-at="2019-09-20T18:13:02 IST">
          <params>
            <param index="0">
              <value>
                <![CDATA[[TestResult name=C2128595_isLoginPageDispCorrectly status=SUCCESS method=MGBasicTests.C2128595_isLoginPageDispCorrectly()[pri:0, instance:com.smarsh.ccm.testEmployees.MGBasicTests@6fd02e5] output={null}]]]>
              </value>
            </param>
          </params>
          <reporter-output>
          </reporter-output>
        </test-method> <!-- tearDown -->
        <test-method status="PASS" signature="C2128596_TetsLogin()[pri:0, instance:com.smarsh.ccm.testEmployees.MGBasicTests@6fd02e5]" name="C2128596_TetsLogin" duration-ms="13025" started-at="2019-09-20T18:13:02 IST" finished-at="2019-09-20T18:13:15 IST">
          <reporter-output>
          </reporter-output>
        </test-method> <!-- C2128596_TetsLogin -->
        <test-method status="PASS" signature="tearDown(org.testng.ITestResult)[pri:0, instance:com.smarsh.ccm.testEmployees.MGBasicTests@6fd02e5]" name="tearDown" is-config="true" duration-ms="1" started-at="2019-09-20T18:13:15 IST" finished-at="2019-09-20T18:13:15 IST">
          <params>
            <param index="0">
              <value>
                <![CDATA[[TestResult name=C2128596_TetsLogin status=SUCCESS method=MGBasicTests.C2128596_TetsLogin()[pri:0, instance:com.smarsh.ccm.testEmployees.MGBasicTests@6fd02e5] output={null}]]]>
              </value>
            </param>
          </params>
          <reporter-output>
          </reporter-output>
        </test-method> <!-- tearDown -->
        <test-method status="PASS" signature="afterSuite()[pri:0, instance:com.smarsh.ccm.testEmployees.MGBasicTests@6fd02e5]" name="afterSuite" is-config="true" duration-ms="1040" started-at="2019-09-20T18:13:15 IST" finished-at="2019-09-20T18:13:16 IST">
          <reporter-output>
          </reporter-output>
        </test-method> <!-- afterSuite -->
      </class> <!-- com.smarsh.ccm.testEmployees.MGBasicTests -->
    </test> <!-- Employees Tests -->
  </suite> <!-- Employees -->
</testng-results>
