<?xml version="1.0" encoding="UTF-8"?>
<!-- Generated by org.testng.reporters.JUnitXMLReporter -->
<testsuite hostname="7480-F6MB4M2" ignored="27" name="Employees Tests(failed)" tests="2" failures="2" timestamp="05 Sep 2019 14:25:15 GMT" time="0.093" errors="0">
  <testcase name="verifyCopyRightDetailsOnLogin" time="0.033" classname="com.smarsh.ccm.testEmployees.MGBasicTests">
    <failure type="java.lang.NullPointerException">
      <![CDATA[java.lang.NullPointerException
at org.openqa.selenium.support.pagefactory.DefaultElementLocator.findElement(DefaultElementLocator.java:69)
at org.openqa.selenium.support.pagefactory.internal.LocatingElementHandler.invoke(LocatingElementHandler.java:38)
at com.sun.proxy.$Proxy12.isDisplayed(Unknown Source)
at com.smarsh.ccm.pages.LoginPage.verifyCopyRightOnLogin(LoginPage.java:99)
at com.smarsh.ccm.testEmployees.MGBasicTests.verifyCopyRightDetailsOnLogin(MGBasicTests.java:42)
... Removed 25 stack frames]]>
    </failure>
  </testcase> <!-- verifyCopyRightDetailsOnLogin -->
  <testcase name="verifycontainsFilterinAuditLog" time="0.024" classname="com.smarsh.ccm.testEmployees.MGBasicTests">
    <failure type="java.lang.NullPointerException">
      <![CDATA[java.lang.NullPointerException
at com.smarsh.ccm.pages.EmployeesPage.verifyAuditLogContainsFilter(EmployeesPage.java:1402)
at com.smarsh.ccm.testEmployees.MGBasicTests.verifycontainsFilterinAuditLog(MGBasicTests.java:396)
... Removed 25 stack frames]]>
    </failure>
  </testcase> <!-- verifycontainsFilterinAuditLog -->
  <testcase name="verifyAdminNavBar" time="0.0" classname="com.smarsh.ccm.testEmployees.MGBasicTests">
    <ignored/>
  </testcase> <!-- verifyAdminNavBar -->
  <testcase name="isLoginPageDispCorrectly" time="0.0" classname="com.smarsh.ccm.testEmployees.MGBasicTests">
    <ignored/>
  </testcase> <!-- isLoginPageDispCorrectly -->
  <testcase name="verifyAlertsNavBar" time="0.0" classname="com.smarsh.ccm.testEmployees.MGBasicTests">
    <ignored/>
  </testcase> <!-- verifyAlertsNavBar -->
  <testcase name="verifyHomePageItems" time="0.0" classname="com.smarsh.ccm.testEmployees.MGBasicTests">
    <ignored/>
  </testcase> <!-- verifyHomePageItems -->
  <testcase name="AddDeviceToEmp" time="0.0" classname="com.smarsh.ccm.testEmployees.MGBasicTests">
    <ignored/>
  </testcase> <!-- AddDeviceToEmp -->
  <testcase name="navigateToEmployees" time="0.0" classname="com.smarsh.ccm.testEmployees.MGBasicTests">
    <ignored/>
  </testcase> <!-- navigateToEmployees -->
  <testcase name="verifyNavigations" time="0.0" classname="com.smarsh.ccm.testEmployees.MGBasicTests">
    <ignored/>
  </testcase> <!-- verifyNavigations -->
  <testcase name="verify3PLinksinFooter" time="0.0" classname="com.smarsh.ccm.testEmployees.MGBasicTests">
    <ignored/>
  </testcase> <!-- verify3PLinksinFooter -->
  <testcase name="verifySettingsNavBar" time="0.0" classname="com.smarsh.ccm.testEmployees.MGBasicTests">
    <ignored/>
  </testcase> <!-- verifySettingsNavBar -->
  <testcase name="addDeviceFailure" time="0.0" classname="com.smarsh.ccm.testEmployees.MGBasicTests">
    <ignored/>
  </testcase> <!-- addDeviceFailure -->
  <testcase name="searchEmp" time="0.0" classname="com.smarsh.ccm.testEmployees.MGBasicTests">
    <ignored/>
  </testcase> <!-- searchEmp -->
  <testcase name="addEmployee" time="0.0" classname="com.smarsh.ccm.testEmployees.MGBasicTests">
    <ignored/>
  </testcase> <!-- addEmployee -->
  <testcase name="verifyEmpListPagination" time="0.0" classname="com.smarsh.ccm.testEmployees.MGBasicTests">
    <ignored/>
  </testcase> <!-- verifyEmpListPagination -->
  <testcase name="verifyAuditLogList" time="0.0" classname="com.smarsh.ccm.testEmployees.MGBasicTests">
    <ignored/>
  </testcase> <!-- verifyAuditLogList -->
  <testcase name="TetsLogin" time="0.0" classname="com.smarsh.ccm.testEmployees.MGBasicTests">
    <ignored/>
  </testcase> <!-- TetsLogin -->
  <testcase name="verifyauditLogFilters" time="0.0" classname="com.smarsh.ccm.testEmployees.MGBasicTests">
    <ignored/>
  </testcase> <!-- verifyauditLogFilters -->
  <testcase name="verifyAuditPagination" time="0.0" classname="com.smarsh.ccm.testEmployees.MGBasicTests">
    <ignored/>
  </testcase> <!-- verifyAuditPagination -->
  <testcase name="updateEmpEmail" time="0.0" classname="com.smarsh.ccm.testEmployees.MGBasicTests">
    <ignored/>
  </testcase> <!-- updateEmpEmail -->
  <testcase name="addWhitelistItems" time="0.0" classname="com.smarsh.ccm.testEmployees.MGBasicTests">
    <ignored/>
  </testcase> <!-- addWhitelistItems -->
  <testcase name="verifyEmpSearch" time="0.0" classname="com.smarsh.ccm.testEmployees.MGBasicTests">
    <ignored/>
  </testcase> <!-- verifyEmpSearch -->
  <testcase name="verifyReportsNavBar" time="0.0" classname="com.smarsh.ccm.testEmployees.MGBasicTests">
    <ignored/>
  </testcase> <!-- verifyReportsNavBar -->
  <testcase name="verifyViewEmpUI" time="0.0" classname="com.smarsh.ccm.testEmployees.MGBasicTests">
    <ignored/>
  </testcase> <!-- verifyViewEmpUI -->
  <testcase name="verifyEmpPageUI" time="0.0" classname="com.smarsh.ccm.testEmployees.MGBasicTests">
    <ignored/>
  </testcase> <!-- verifyEmpPageUI -->
  <testcase name="deleteDeviceFromEmpView" time="0.0" classname="com.smarsh.ccm.testEmployees.MGBasicTests">
    <ignored/>
  </testcase> <!-- deleteDeviceFromEmpView -->
  <testcase name="editAddedEmp" time="0.0" classname="com.smarsh.ccm.testEmployees.MGBasicTests">
    <ignored/>
  </testcase> <!-- editAddedEmp -->
  <testcase name="editDevDetails" time="0.0" classname="com.smarsh.ccm.testEmployees.MGBasicTests">
    <ignored/>
  </testcase> <!-- editDevDetails -->
  <testcase name="verifySrchNavBar" time="0.0" classname="com.smarsh.ccm.testEmployees.MGBasicTests">
    <ignored/>
  </testcase> <!-- verifySrchNavBar -->
</testsuite> <!-- Employees Tests(failed) -->
