<?xml version="1.0" encoding="UTF-8"?>
<!-- Generated by org.testng.reporters.JUnitXMLReporter -->
<testsuite hostname="7480-F6MB4M2" ignored="18" name="Employees Tests" tests="2" failures="0" timestamp="2019-09-20T18:13:15 IST" time="21.154" errors="0">
  <testcase name="C2128595_isLoginPageDispCorrectly" time="8.097" classname="com.smarsh.ccm.testEmployees.MGBasicTests"/>
  <testcase name="C2128596_TetsLogin" time="13.025" classname="com.smarsh.ccm.testEmployees.MGBasicTests"/>
  <testcase name="C2128686_verifySettingsNavBar" time="0.0" classname="com.smarsh.ccm.testEmployees.MGBasicTests">
    <ignored/>
  </testcase> <!-- C2128686_verifySettingsNavBar -->
  <testcase name="C2128686_verifyAdminNavBar" time="0.0" classname="com.smarsh.ccm.testEmployees.MGBasicTests">
    <ignored/>
  </testcase> <!-- C2128686_verifyAdminNavBar -->
  <testcase name="C2128748_editAddedEmp" time="0.0" classname="com.smarsh.ccm.testEmployees.MGBasicTests">
    <ignored/>
  </testcase> <!-- C2128748_editAddedEmp -->
  <testcase name="C2128669_verifyHomePageItems" time="0.0" classname="com.smarsh.ccm.testEmployees.MGBasicTests">
    <ignored/>
  </testcase> <!-- C2128669_verifyHomePageItems -->
  <testcase name="C2128748_updateEmpEmail" time="0.0" classname="com.smarsh.ccm.testEmployees.MGBasicTests">
    <ignored/>
  </testcase> <!-- C2128748_updateEmpEmail -->
  <testcase name="C2128784_verifyEmpListPagination" time="0.0" classname="com.smarsh.ccm.testEmployees.MGBasicTests">
    <ignored/>
  </testcase> <!-- C2128784_verifyEmpListPagination -->
  <testcase name="C2128740_verifyEmpPageUI" time="0.0" classname="com.smarsh.ccm.testEmployees.MGBasicTests">
    <ignored/>
  </testcase> <!-- C2128740_verifyEmpPageUI -->
  <testcase name="C2128686_verifyReportsNavBar" time="0.0" classname="com.smarsh.ccm.testEmployees.MGBasicTests">
    <ignored/>
  </testcase> <!-- C2128686_verifyReportsNavBar -->
  <testcase name="C2128669_verifyEmpSearch" time="0.0" classname="com.smarsh.ccm.testEmployees.MGBasicTests">
    <ignored/>
  </testcase> <!-- C2128669_verifyEmpSearch -->
  <testcase name="C5890693_verify3PLinksinFooter" time="0.0" classname="com.smarsh.ccm.testEmployees.MGBasicTests">
    <ignored/>
  </testcase> <!-- C5890693_verify3PLinksinFooter -->
  <testcase name="C2128686_verifyAlertsNavBar" time="0.0" classname="com.smarsh.ccm.testEmployees.MGBasicTests">
    <ignored/>
  </testcase> <!-- C2128686_verifyAlertsNavBar -->
  <testcase name="C2128595_verifyCopyRightDetailsOnLogin" time="0.0" classname="com.smarsh.ccm.testEmployees.MGBasicTests">
    <ignored/>
  </testcase> <!-- C2128595_verifyCopyRightDetailsOnLogin -->
  <testcase name="C2128741_addEmployee" time="0.0" classname="com.smarsh.ccm.testEmployees.MGBasicTests">
    <ignored/>
  </testcase> <!-- C2128741_addEmployee -->
  <testcase name="C2128686_verifySrchNavBar" time="0.0" classname="com.smarsh.ccm.testEmployees.MGBasicTests">
    <ignored/>
  </testcase> <!-- C2128686_verifySrchNavBar -->
  <testcase name="C2128687_verifyNavigations" time="0.0" classname="com.smarsh.ccm.testEmployees.MGBasicTests">
    <ignored/>
  </testcase> <!-- C2128687_verifyNavigations -->
  <testcase name="C2128687_navigateToEmployees" time="0.0" classname="com.smarsh.ccm.testEmployees.MGBasicTests">
    <ignored/>
  </testcase> <!-- C2128687_navigateToEmployees -->
  <testcase name="C6059217_verifyRelNot" time="0.0" classname="com.smarsh.ccm.testEmployees.MGBasicTests">
    <ignored/>
  </testcase> <!-- C6059217_verifyRelNot -->
  <testcase name="searchEmp" time="0.0" classname="com.smarsh.ccm.testEmployees.MGBasicTests">
    <ignored/>
  </testcase> <!-- searchEmp -->
</testsuite> <!-- Employees Tests -->
