<?xml version="1.0" encoding="UTF-8"?>
<!-- Generated by org.testng.reporters.JUnitXMLReporter -->
<testsuite hostname="7480-F6MB4M2" ignored="0" name="Employees Tests" tests="9" failures="0" timestamp="14 Aug 2019 12:57:34 GMT" time="104.124" errors="0">
  <testcase name="C2569010_HutchisonProvision" time="12.07" classname="com.smarsh.ccm.testNetGuardIntegration.MGAllNetworkCarrierProvision"/>
  <testcase name="C4343647_RogersProvision" time="10.801" classname="com.smarsh.ccm.testNetGuardIntegration.MGAllNetworkCarrierProvision"/>
  <testcase name="C5472795_TMobileProvision" time="10.709" classname="com.smarsh.ccm.testNetGuardIntegration.MGAllNetworkCarrierProvision"/>
  <testcase name="C5068278_TruphoneProvision" time="11.776" classname="com.smarsh.ccm.testNetGuardIntegration.MGAllNetworkCarrierProvision"/>
  <testcase name="C4343647_USCellularProvision" time="11.27" classname="com.smarsh.ccm.testNetGuardIntegration.MGAllNetworkCarrierProvision"/>
  <testcase name="C2312625_VerizonProvision" time="11.117" classname="com.smarsh.ccm.testNetGuardIntegration.MGAllNetworkCarrierProvision"/>
  <testcase name="C2569010_VodafoneProvision" time="11.283" classname="com.smarsh.ccm.testNetGuardIntegration.MGAllNetworkCarrierProvision"/>
  <testcase name="C3519215_VerizonchangePhoneNumber" time="11.08" classname="com.smarsh.ccm.testNetGuardIntegration.MGAllNetworkCarrierProvision"/>
  <testcase name="C5412014_VerfiyTruphoneInDowEmpFile" time="2.297" classname="com.smarsh.ccm.testNetGuardIntegration.MGAllNetworkCarrierProvision"/>
</testsuite> <!-- Employees Tests -->
